<?xml version="1.0" encoding="UTF-8"?>
<!-- Generated by org.testng.reporters.JUnitReportReporter -->
<testsuite hostname="LAPTOP-2DBSRI6Q" failures="0" tests="3" name="practise.DataProvider_Organization" time="60.411" errors="0" timestamp="2023-11-30T12:48:22 IST" skipped="0">
  <testcase classname="practise.DataProvider_Organization" name="m1" time="21.365"/>
  <testcase classname="practise.DataProvider_Organization" name="m1" time="19.774"/>
  <testcase classname="practise.DataProvider_Organization" name="m1" time="19.272"/>
</testsuite> <!-- practise.DataProvider_Organization -->
