<?xml version="1.0" encoding="UTF-8"?>
<!-- Generated by org.testng.reporters.JUnitReportReporter -->
<testsuite hostname="LAPTOP-2DBSRI6Q" failures="0" tests="2" name="practise.HardAssert" time="0.010" errors="0" timestamp="2023-12-05T11:35:20 IST" skipped="0">
  <testcase classname="practise.HardAssert" name="m2" time="0.001"/>
  <testcase classname="practise.HardAssert" name="m1" time="0.009"/>
</testsuite> <!-- practise.HardAssert -->
