<?xml version="1.0" encoding="UTF-8"?>
<!-- Generated by org.testng.reporters.JUnitReportReporter -->
<testsuite hostname="LAPTOP-2DBSRI6Q" failures="0" tests="1" name="campaign.CreateCampaignTest" time="26.932" errors="0" timestamp="2023-12-06T12:41:49 IST" skipped="0">
  <testcase classname="campaign.CreateCampaignTest" name="createCampaignTest" time="26.932"/>
</testsuite> <!-- campaign.CreateCampaignTest -->
